[2019-04-09 19:33:59.726] [sharedprocess] [info] main {"machineId":"ac388f93c2df735a9ec4b7cfbeff5d4816c9e52b786d6305e5001eaa772f1bbf"}
[2019-04-09 19:33:59.860] [sharedprocess] [info] Scanned user extensions: 0
[2019-04-09 19:33:59.870] [sharedprocess] [info] Scanned user extensions: 0
[2019-04-09 19:33:59.888] [sharedprocess] [info] Scanned user extensions: 0
[2019-04-09 19:34:00.064] [sharedprocess] [info] Scanned system extensions: 71
[2019-04-09 19:34:00.069] [sharedprocess] [info] Scanned system extensions: 71
[2019-04-09 19:34:00.084] [sharedprocess] [info] Scanned system extensions: 71
[2019-04-09 19:34:00.543] [sharedprocess] [info] Scanned user extensions: 0
[2019-04-09 19:34:39.754] [sharedprocess] [info] Starting to clean up unused language packs.
[2019-04-09 19:39:00.597] [sharedprocess] [info] Scanned user extensions: 0
[2019-04-09 19:39:48.335] [sharedprocess] [info] Scanned user extensions: 0
[2019-04-09 19:39:48.336] [sharedprocess] [info] Scanned user extensions: 0
[2019-04-09 19:39:48.623] [sharedprocess] [info] Scanned system extensions: 71
[2019-04-09 19:39:48.642] [sharedprocess] [info] Scanned system extensions: 71
[2019-04-09 19:39:51.147] [sharedprocess] [info] Scanned user extensions: 0
[2019-04-09 19:44:51.155] [sharedprocess] [info] Scanned user extensions: 0
[2019-04-09 19:49:51.164] [sharedprocess] [info] Scanned user extensions: 0
[2019-04-09 19:54:51.171] [sharedprocess] [info] Scanned user extensions: 0
[2019-04-09 19:59:51.177] [sharedprocess] [info] Scanned user extensions: 0
[2019-04-09 20:04:51.185] [sharedprocess] [info] Scanned user extensions: 0
[2019-04-09 20:09:51.193] [sharedprocess] [info] Scanned user extensions: 0
[2019-04-09 20:14:51.201] [sharedprocess] [info] Scanned user extensions: 0
[2019-04-09 20:19:51.208] [sharedprocess] [info] Scanned user extensions: 0
[2019-04-09 20:24:51.215] [sharedprocess] [info] Scanned user extensions: 0
[2019-04-09 20:29:51.222] [sharedprocess] [info] Scanned user extensions: 0
[2019-04-09 20:34:51.229] [sharedprocess] [info] Scanned user extensions: 0
[2019-04-09 20:39:51.275] [sharedprocess] [info] Scanned user extensions: 0
[2019-04-09 20:44:51.283] [sharedprocess] [info] Scanned user extensions: 0
[2019-04-09 20:49:51.291] [sharedprocess] [info] Scanned user extensions: 0
[2019-04-09 20:54:51.297] [sharedprocess] [info] Scanned user extensions: 0
[2019-04-09 20:59:51.304] [sharedprocess] [info] Scanned user extensions: 0
[2019-04-09 21:04:51.312] [sharedprocess] [info] Scanned user extensions: 0
[2019-04-09 21:09:51.319] [sharedprocess] [info] Scanned user extensions: 0
[2019-04-09 21:14:51.329] [sharedprocess] [info] Scanned user extensions: 0
[2019-04-09 21:19:51.339] [sharedprocess] [info] Scanned user extensions: 0
[2019-04-09 21:24:51.349] [sharedprocess] [info] Scanned user extensions: 0
[2019-04-09 21:29:51.357] [sharedprocess] [info] Scanned user extensions: 0
[2019-04-09 21:34:51.368] [sharedprocess] [info] Scanned user extensions: 0
[2019-04-09 21:39:51.416] [sharedprocess] [info] Scanned user extensions: 0
[2019-04-09 21:44:51.425] [sharedprocess] [info] Scanned user extensions: 0
[2019-04-09 21:49:51.433] [sharedprocess] [info] Scanned user extensions: 0
[2019-04-09 21:54:51.444] [sharedprocess] [info] Scanned user extensions: 0
[2019-04-09 21:59:51.460] [sharedprocess] [info] Scanned user extensions: 0
[2019-04-09 22:04:51.469] [sharedprocess] [info] Scanned user extensions: 0
[2019-04-09 22:09:51.479] [sharedprocess] [info] Scanned user extensions: 0
[2019-04-09 22:14:51.487] [sharedprocess] [info] Scanned user extensions: 0
[2019-04-09 22:19:51.494] [sharedprocess] [info] Scanned user extensions: 0
[2019-04-09 22:24:51.501] [sharedprocess] [info] Scanned user extensions: 0
[2019-04-09 22:29:51.511] [sharedprocess] [info] Scanned user extensions: 0
[2019-04-09 22:34:51.520] [sharedprocess] [info] Scanned user extensions: 0
[2019-04-09 22:39:51.578] [sharedprocess] [info] Scanned user extensions: 0
[2019-04-09 22:44:51.588] [sharedprocess] [info] Scanned user extensions: 0
[2019-04-09 22:49:51.602] [sharedprocess] [info] Scanned user extensions: 0
[2019-04-09 22:54:51.613] [sharedprocess] [info] Scanned user extensions: 0
[2019-04-09 22:59:51.621] [sharedprocess] [info] Scanned user extensions: 0
[2019-04-09 23:04:51.629] [sharedprocess] [info] Scanned user extensions: 0
[2019-04-09 23:09:51.644] [sharedprocess] [info] Scanned user extensions: 0
[2019-04-09 23:14:51.651] [sharedprocess] [info] Scanned user extensions: 0
[2019-04-09 23:19:51.659] [sharedprocess] [info] Scanned user extensions: 0
[2019-04-09 23:24:51.667] [sharedprocess] [info] Scanned user extensions: 0
[2019-04-09 23:29:51.674] [sharedprocess] [info] Scanned user extensions: 0
[2019-04-09 23:34:51.681] [sharedprocess] [info] Scanned user extensions: 0
[2019-04-09 23:39:51.737] [sharedprocess] [info] Scanned user extensions: 0
[2019-04-09 23:44:51.745] [sharedprocess] [info] Scanned user extensions: 0
[2019-04-09 23:49:51.755] [sharedprocess] [info] Scanned user extensions: 0
[2019-04-09 23:54:51.764] [sharedprocess] [info] Scanned user extensions: 0
[2019-04-09 23:59:51.772] [sharedprocess] [info] Scanned user extensions: 0
[2019-04-10 00:04:51.779] [sharedprocess] [info] Scanned user extensions: 0
[2019-04-10 00:09:51.786] [sharedprocess] [info] Scanned user extensions: 0
[2019-04-10 00:14:51.794] [sharedprocess] [info] Scanned user extensions: 0
[2019-04-10 00:19:51.800] [sharedprocess] [info] Scanned user extensions: 0
[2019-04-10 00:24:51.807] [sharedprocess] [info] Scanned user extensions: 0
[2019-04-10 00:29:51.814] [sharedprocess] [info] Scanned user extensions: 0
[2019-04-10 00:34:51.821] [sharedprocess] [info] Scanned user extensions: 0
[2019-04-10 00:39:51.870] [sharedprocess] [info] Scanned user extensions: 0
[2019-04-10 00:44:51.877] [sharedprocess] [info] Scanned user extensions: 0
[2019-04-10 00:49:51.884] [sharedprocess] [info] Scanned user extensions: 0
[2019-04-10 00:54:51.892] [sharedprocess] [info] Scanned user extensions: 0
[2019-04-10 00:59:51.899] [sharedprocess] [info] Scanned user extensions: 0
[2019-04-10 01:04:51.906] [sharedprocess] [info] Scanned user extensions: 0
[2019-04-10 01:09:51.915] [sharedprocess] [info] Scanned user extensions: 0
[2019-04-10 01:14:51.921] [sharedprocess] [info] Scanned user extensions: 0
[2019-04-10 01:19:51.929] [sharedprocess] [info] Scanned user extensions: 0
[2019-04-10 01:24:51.936] [sharedprocess] [info] Scanned user extensions: 0
[2019-04-10 01:29:51.943] [sharedprocess] [info] Scanned user extensions: 0
[2019-04-10 01:34:51.957] [sharedprocess] [info] Scanned user extensions: 0
[2019-04-10 01:39:52.020] [sharedprocess] [info] Scanned user extensions: 0
[2019-04-10 01:44:52.028] [sharedprocess] [info] Scanned user extensions: 0
[2019-04-10 01:49:52.035] [sharedprocess] [info] Scanned user extensions: 0
[2019-04-10 01:54:52.042] [sharedprocess] [info] Scanned user extensions: 0
[2019-04-10 01:59:52.049] [sharedprocess] [info] Scanned user extensions: 0
[2019-04-10 02:04:52.056] [sharedprocess] [info] Scanned user extensions: 0
[2019-04-10 02:09:52.063] [sharedprocess] [info] Scanned user extensions: 0
[2019-04-10 02:14:52.070] [sharedprocess] [info] Scanned user extensions: 0
[2019-04-10 02:19:52.080] [sharedprocess] [info] Scanned user extensions: 0
[2019-04-10 02:24:52.087] [sharedprocess] [info] Scanned user extensions: 0
[2019-04-10 02:29:52.096] [sharedprocess] [info] Scanned user extensions: 0
[2019-04-10 02:34:52.106] [sharedprocess] [info] Scanned user extensions: 0
[2019-04-10 02:39:52.167] [sharedprocess] [info] Scanned user extensions: 0
[2019-04-10 02:44:52.178] [sharedprocess] [info] Scanned user extensions: 0
[2019-04-10 02:49:52.186] [sharedprocess] [info] Scanned user extensions: 0
[2019-04-10 02:54:52.194] [sharedprocess] [info] Scanned user extensions: 0
[2019-04-10 02:59:52.200] [sharedprocess] [info] Scanned user extensions: 0
[2019-04-10 03:04:52.208] [sharedprocess] [info] Scanned user extensions: 0
[2019-04-10 03:09:52.215] [sharedprocess] [info] Scanned user extensions: 0
[2019-04-10 03:14:52.222] [sharedprocess] [info] Scanned user extensions: 0
[2019-04-10 03:19:52.231] [sharedprocess] [info] Scanned user extensions: 0
[2019-04-10 03:24:52.239] [sharedprocess] [info] Scanned user extensions: 0
[2019-04-10 03:29:52.247] [sharedprocess] [info] Scanned user extensions: 0
[2019-04-10 03:34:52.254] [sharedprocess] [info] Scanned user extensions: 0
[2019-04-10 03:39:52.302] [sharedprocess] [info] Scanned user extensions: 0
[2019-04-10 03:44:52.310] [sharedprocess] [info] Scanned user extensions: 0
[2019-04-10 03:49:52.317] [sharedprocess] [info] Scanned user extensions: 0
[2019-04-10 03:54:52.325] [sharedprocess] [info] Scanned user extensions: 0
[2019-04-10 03:59:52.334] [sharedprocess] [info] Scanned user extensions: 0
[2019-04-10 04:04:52.341] [sharedprocess] [info] Scanned user extensions: 0
[2019-04-10 04:09:52.348] [sharedprocess] [info] Scanned user extensions: 0
[2019-04-10 04:14:52.356] [sharedprocess] [info] Scanned user extensions: 0
[2019-04-10 04:19:52.363] [sharedprocess] [info] Scanned user extensions: 0
[2019-04-10 04:24:52.370] [sharedprocess] [info] Scanned user extensions: 0
[2019-04-10 04:29:52.377] [sharedprocess] [info] Scanned user extensions: 0
[2019-04-10 04:34:52.385] [sharedprocess] [info] Scanned user extensions: 0
[2019-04-10 04:39:52.432] [sharedprocess] [info] Scanned user extensions: 0
[2019-04-10 04:44:52.438] [sharedprocess] [info] Scanned user extensions: 0
[2019-04-10 04:49:52.445] [sharedprocess] [info] Scanned user extensions: 0
[2019-04-10 04:54:52.453] [sharedprocess] [info] Scanned user extensions: 0
[2019-04-10 04:59:52.460] [sharedprocess] [info] Scanned user extensions: 0
[2019-04-10 05:04:52.469] [sharedprocess] [info] Scanned user extensions: 0
[2019-04-10 05:09:52.476] [sharedprocess] [info] Scanned user extensions: 0
[2019-04-10 05:14:52.487] [sharedprocess] [info] Scanned user extensions: 0
[2019-04-10 05:19:52.494] [sharedprocess] [info] Scanned user extensions: 0
[2019-04-10 05:24:52.501] [sharedprocess] [info] Scanned user extensions: 0
[2019-04-10 05:29:52.511] [sharedprocess] [info] Scanned user extensions: 0
[2019-04-10 05:34:52.519] [sharedprocess] [info] Scanned user extensions: 0
[2019-04-10 05:39:52.576] [sharedprocess] [info] Scanned user extensions: 0
[2019-04-10 05:44:52.586] [sharedprocess] [info] Scanned user extensions: 0
[2019-04-10 05:49:52.595] [sharedprocess] [info] Scanned user extensions: 0
[2019-04-10 05:54:52.602] [sharedprocess] [info] Scanned user extensions: 0
[2019-04-10 05:59:52.611] [sharedprocess] [info] Scanned user extensions: 0
[2019-04-10 06:04:52.618] [sharedprocess] [info] Scanned user extensions: 0
[2019-04-10 06:09:52.626] [sharedprocess] [info] Scanned user extensions: 0
[2019-04-10 06:14:52.634] [sharedprocess] [info] Scanned user extensions: 0
[2019-04-10 06:19:52.641] [sharedprocess] [info] Scanned user extensions: 0
[2019-04-10 06:24:52.648] [sharedprocess] [info] Scanned user extensions: 0
[2019-04-10 06:29:52.656] [sharedprocess] [info] Scanned user extensions: 0
[2019-04-10 06:34:52.664] [sharedprocess] [info] Scanned user extensions: 0
[2019-04-10 06:39:52.710] [sharedprocess] [info] Scanned user extensions: 0
[2019-04-10 06:44:52.717] [sharedprocess] [info] Scanned user extensions: 0
[2019-04-10 06:49:52.724] [sharedprocess] [info] Scanned user extensions: 0
[2019-04-10 06:54:52.731] [sharedprocess] [info] Scanned user extensions: 0
[2019-04-10 06:59:52.737] [sharedprocess] [info] Scanned user extensions: 0
[2019-04-10 07:04:52.746] [sharedprocess] [info] Scanned user extensions: 0
[2019-04-10 07:09:52.753] [sharedprocess] [info] Scanned user extensions: 0
[2019-04-10 07:14:52.766] [sharedprocess] [info] Scanned user extensions: 0
[2019-04-10 07:19:52.774] [sharedprocess] [info] Scanned user extensions: 0
[2019-04-10 07:24:52.782] [sharedprocess] [info] Scanned user extensions: 0
[2019-04-10 07:29:52.791] [sharedprocess] [info] Scanned user extensions: 0
[2019-04-10 07:34:52.800] [sharedprocess] [info] Scanned user extensions: 0
[2019-04-10 07:39:52.854] [sharedprocess] [info] Scanned user extensions: 0
[2019-04-10 07:44:52.861] [sharedprocess] [info] Scanned user extensions: 0
[2019-04-10 07:49:52.869] [sharedprocess] [info] Scanned user extensions: 0
[2019-04-10 07:54:52.877] [sharedprocess] [info] Scanned user extensions: 0
[2019-04-10 07:59:52.884] [sharedprocess] [info] Scanned user extensions: 0
[2019-04-10 08:04:52.895] [sharedprocess] [info] Scanned user extensions: 0
[2019-04-10 08:09:52.903] [sharedprocess] [info] Scanned user extensions: 0
[2019-04-10 08:14:52.911] [sharedprocess] [info] Scanned user extensions: 0
[2019-04-10 08:19:52.918] [sharedprocess] [info] Scanned user extensions: 0
[2019-04-10 08:24:52.927] [sharedprocess] [info] Scanned user extensions: 0
[2019-04-10 08:29:52.935] [sharedprocess] [info] Scanned user extensions: 0
[2019-04-10 08:34:52.943] [sharedprocess] [info] Scanned user extensions: 0
[2019-04-10 08:39:53.004] [sharedprocess] [info] Scanned user extensions: 0
[2019-04-10 08:44:53.011] [sharedprocess] [info] Scanned user extensions: 0
[2019-04-10 08:49:53.018] [sharedprocess] [info] Scanned user extensions: 0
[2019-04-10 08:54:53.025] [sharedprocess] [info] Scanned user extensions: 0
[2019-04-10 08:59:53.032] [sharedprocess] [info] Scanned user extensions: 0
[2019-04-10 09:04:53.040] [sharedprocess] [info] Scanned user extensions: 0
[2019-04-10 09:09:53.047] [sharedprocess] [info] Scanned user extensions: 0
[2019-04-10 09:14:53.053] [sharedprocess] [info] Scanned user extensions: 0
[2019-04-10 09:19:53.060] [sharedprocess] [info] Scanned user extensions: 0
[2019-04-10 09:24:53.067] [sharedprocess] [info] Scanned user extensions: 0
[2019-04-10 09:29:53.075] [sharedprocess] [info] Scanned user extensions: 0
[2019-04-10 09:34:53.083] [sharedprocess] [info] Scanned user extensions: 0
[2019-04-10 09:39:53.138] [sharedprocess] [info] Scanned user extensions: 0
[2019-04-10 09:44:53.146] [sharedprocess] [info] Scanned user extensions: 0
[2019-04-10 09:49:53.157] [sharedprocess] [info] Scanned user extensions: 0
[2019-04-10 09:54:53.164] [sharedprocess] [info] Scanned user extensions: 0
[2019-04-10 09:59:53.173] [sharedprocess] [info] Scanned user extensions: 0
[2019-04-10 10:04:53.180] [sharedprocess] [info] Scanned user extensions: 0
[2019-04-10 10:09:53.187] [sharedprocess] [info] Scanned user extensions: 0
[2019-04-10 10:14:53.195] [sharedprocess] [info] Scanned user extensions: 0
[2019-04-10 10:19:53.202] [sharedprocess] [info] Scanned user extensions: 0
[2019-04-10 10:24:53.210] [sharedprocess] [info] Scanned user extensions: 0
[2019-04-10 10:29:53.218] [sharedprocess] [info] Scanned user extensions: 0
[2019-04-10 10:34:53.226] [sharedprocess] [info] Scanned user extensions: 0
[2019-04-10 10:39:53.278] [sharedprocess] [info] Scanned user extensions: 0
[2019-04-10 10:44:53.285] [sharedprocess] [info] Scanned user extensions: 0
[2019-04-10 10:49:53.292] [sharedprocess] [info] Scanned user extensions: 0
[2019-04-10 10:54:53.300] [sharedprocess] [info] Scanned user extensions: 0
[2019-04-10 10:59:53.311] [sharedprocess] [info] Scanned user extensions: 0
[2019-04-10 11:04:53.320] [sharedprocess] [info] Scanned user extensions: 0
[2019-04-10 11:09:53.327] [sharedprocess] [info] Scanned user extensions: 0
[2019-04-10 11:14:53.334] [sharedprocess] [info] Scanned user extensions: 0
[2019-04-10 11:19:53.341] [sharedprocess] [info] Scanned user extensions: 0
[2019-04-10 11:24:53.348] [sharedprocess] [info] Scanned user extensions: 0
[2019-04-10 11:29:53.354] [sharedprocess] [info] Scanned user extensions: 0
[2019-04-10 11:34:53.364] [sharedprocess] [info] Scanned user extensions: 0
[2019-04-10 11:39:53.414] [sharedprocess] [info] Scanned user extensions: 0
[2019-04-10 11:44:53.422] [sharedprocess] [info] Scanned user extensions: 0
[2019-04-10 11:49:53.430] [sharedprocess] [info] Scanned user extensions: 0
[2019-04-10 11:54:53.438] [sharedprocess] [info] Scanned user extensions: 0
[2019-04-10 11:59:53.445] [sharedprocess] [info] Scanned user extensions: 0
[2019-04-10 12:04:53.452] [sharedprocess] [info] Scanned user extensions: 0
[2019-04-10 12:09:53.460] [sharedprocess] [info] Scanned user extensions: 0
[2019-04-10 12:14:53.467] [sharedprocess] [info] Scanned user extensions: 0
[2019-04-10 12:19:53.474] [sharedprocess] [info] Scanned user extensions: 0
[2019-04-10 12:24:53.486] [sharedprocess] [info] Scanned user extensions: 0
[2019-04-10 12:29:53.494] [sharedprocess] [info] Scanned user extensions: 0
[2019-04-10 12:34:53.501] [sharedprocess] [info] Scanned user extensions: 0
[2019-04-10 12:39:53.555] [sharedprocess] [info] Scanned user extensions: 0
[2019-04-10 12:44:53.562] [sharedprocess] [info] Scanned user extensions: 0
[2019-04-10 12:49:53.585] [sharedprocess] [info] Scanned user extensions: 0
[2019-04-10 12:54:53.600] [sharedprocess] [info] Scanned user extensions: 0
[2019-04-10 12:59:53.617] [sharedprocess] [info] Scanned user extensions: 0
[2019-04-10 13:04:53.624] [sharedprocess] [info] Scanned user extensions: 0
[2019-04-10 13:09:53.632] [sharedprocess] [info] Scanned user extensions: 0
[2019-04-10 13:14:53.640] [sharedprocess] [info] Scanned user extensions: 0
[2019-04-10 13:19:53.647] [sharedprocess] [info] Scanned user extensions: 0
[2019-04-10 13:24:53.654] [sharedprocess] [info] Scanned user extensions: 0
[2019-04-10 13:29:53.662] [sharedprocess] [info] Scanned user extensions: 0
[2019-04-10 13:34:53.668] [sharedprocess] [info] Scanned user extensions: 0
[2019-04-10 13:39:53.730] [sharedprocess] [info] Scanned user extensions: 0
[2019-04-10 13:44:53.739] [sharedprocess] [info] Scanned user extensions: 0
[2019-04-10 13:49:53.745] [sharedprocess] [info] Scanned user extensions: 0
[2019-04-10 13:54:53.753] [sharedprocess] [info] Scanned user extensions: 0
[2019-04-10 13:59:53.760] [sharedprocess] [info] Scanned user extensions: 0
[2019-04-10 14:04:53.768] [sharedprocess] [info] Scanned user extensions: 0
[2019-04-10 14:09:53.774] [sharedprocess] [info] Scanned user extensions: 0
[2019-04-10 14:14:53.781] [sharedprocess] [info] Scanned user extensions: 0
[2019-04-10 14:19:53.787] [sharedprocess] [info] Scanned user extensions: 0
[2019-04-10 14:24:53.796] [sharedprocess] [info] Scanned user extensions: 0
[2019-04-10 14:29:53.802] [sharedprocess] [info] Scanned user extensions: 0
[2019-04-10 14:34:53.809] [sharedprocess] [info] Scanned user extensions: 0
[2019-04-10 14:39:53.867] [sharedprocess] [info] Scanned user extensions: 0
[2019-04-10 14:44:53.874] [sharedprocess] [info] Scanned user extensions: 0
[2019-04-10 14:49:53.882] [sharedprocess] [info] Scanned user extensions: 0
[2019-04-10 14:54:53.889] [sharedprocess] [info] Scanned user extensions: 0
[2019-04-10 14:59:53.896] [sharedprocess] [info] Scanned user extensions: 0
[2019-04-10 15:04:53.908] [sharedprocess] [info] Scanned user extensions: 0
[2019-04-10 15:09:53.914] [sharedprocess] [info] Scanned user extensions: 0
[2019-04-10 15:14:53.921] [sharedprocess] [info] Scanned user extensions: 0
[2019-04-10 15:19:53.928] [sharedprocess] [info] Scanned user extensions: 0
[2019-04-10 15:24:53.935] [sharedprocess] [info] Scanned user extensions: 0
[2019-04-10 15:29:53.944] [sharedprocess] [info] Scanned user extensions: 0
[2019-04-10 15:34:53.952] [sharedprocess] [info] Scanned user extensions: 0
[2019-04-10 15:39:54.000] [sharedprocess] [info] Scanned user extensions: 0
[2019-04-10 15:44:54.007] [sharedprocess] [info] Scanned user extensions: 0
[2019-04-10 15:49:54.015] [sharedprocess] [info] Scanned user extensions: 0
[2019-04-10 15:54:54.024] [sharedprocess] [info] Scanned user extensions: 0
[2019-04-10 15:59:54.031] [sharedprocess] [info] Scanned user extensions: 0
[2019-04-10 16:04:54.038] [sharedprocess] [info] Scanned user extensions: 0
[2019-04-10 16:09:54.047] [sharedprocess] [info] Scanned user extensions: 0
[2019-04-10 16:14:54.054] [sharedprocess] [info] Scanned user extensions: 0
[2019-04-10 16:19:54.062] [sharedprocess] [info] Scanned user extensions: 0
[2019-04-10 16:24:54.069] [sharedprocess] [info] Scanned user extensions: 0
[2019-04-10 16:29:54.076] [sharedprocess] [info] Scanned user extensions: 0
[2019-04-10 16:34:54.083] [sharedprocess] [info] Scanned user extensions: 0
[2019-04-10 16:39:54.139] [sharedprocess] [info] Scanned user extensions: 0
[2019-04-10 16:44:54.165] [sharedprocess] [info] Scanned user extensions: 0
[2019-04-10 16:49:54.172] [sharedprocess] [info] Scanned user extensions: 0
[2019-04-10 16:54:54.180] [sharedprocess] [info] Scanned user extensions: 0
[2019-04-10 16:59:54.187] [sharedprocess] [info] Scanned user extensions: 0
[2019-04-10 17:04:54.194] [sharedprocess] [info] Scanned user extensions: 0
[2019-04-10 17:09:54.200] [sharedprocess] [info] Scanned user extensions: 0
[2019-04-10 17:14:54.208] [sharedprocess] [info] Scanned user extensions: 0
[2019-04-10 17:19:54.216] [sharedprocess] [info] Scanned user extensions: 0
[2019-04-10 17:24:54.224] [sharedprocess] [info] Scanned user extensions: 0
[2019-04-10 17:29:54.233] [sharedprocess] [info] Scanned user extensions: 0
[2019-04-10 17:34:54.245] [sharedprocess] [info] Scanned user extensions: 0
[2019-04-10 17:39:54.544] [sharedprocess] [info] Scanned user extensions: 0
[2019-04-10 17:44:54.553] [sharedprocess] [info] Scanned user extensions: 0
[2019-04-10 17:49:54.564] [sharedprocess] [info] Scanned user extensions: 0
[2019-04-10 17:54:54.571] [sharedprocess] [info] Scanned user extensions: 0
[2019-04-10 17:59:54.580] [sharedprocess] [info] Scanned user extensions: 0
[2019-04-10 18:04:54.588] [sharedprocess] [info] Scanned user extensions: 0
[2019-04-10 18:09:54.596] [sharedprocess] [info] Scanned user extensions: 0
[2019-04-10 18:14:54.613] [sharedprocess] [info] Scanned user extensions: 0
[2019-04-10 18:19:54.623] [sharedprocess] [info] Scanned user extensions: 0
[2019-04-10 18:24:54.635] [sharedprocess] [info] Scanned user extensions: 0
[2019-04-10 18:29:54.644] [sharedprocess] [info] Scanned user extensions: 0
[2019-04-10 18:34:54.654] [sharedprocess] [info] Scanned user extensions: 0
[2019-04-10 18:39:54.704] [sharedprocess] [info] Scanned user extensions: 0
[2019-04-10 18:44:54.711] [sharedprocess] [info] Scanned user extensions: 0
[2019-04-10 18:49:54.719] [sharedprocess] [info] Scanned user extensions: 0
[2019-04-10 18:54:54.726] [sharedprocess] [info] Scanned user extensions: 0
[2019-04-10 18:59:54.734] [sharedprocess] [info] Scanned user extensions: 0
[2019-04-10 19:04:54.749] [sharedprocess] [info] Scanned user extensions: 0
[2019-04-10 19:09:54.821] [sharedprocess] [info] Scanned user extensions: 0
[2019-04-10 19:14:54.827] [sharedprocess] [info] Scanned user extensions: 0
[2019-04-10 19:19:54.835] [sharedprocess] [info] Scanned user extensions: 0
[2019-04-10 19:24:54.843] [sharedprocess] [info] Scanned user extensions: 0
[2019-04-10 19:29:54.851] [sharedprocess] [info] Scanned user extensions: 0
[2019-04-10 19:34:54.858] [sharedprocess] [info] Scanned user extensions: 0
[2019-04-10 19:39:54.899] [sharedprocess] [info] Scanned user extensions: 0
[2019-04-10 19:44:54.907] [sharedprocess] [info] Scanned user extensions: 0
[2019-04-10 19:49:54.914] [sharedprocess] [info] Scanned user extensions: 0
[2019-04-10 19:54:54.920] [sharedprocess] [info] Scanned user extensions: 0
[2019-04-10 19:59:54.929] [sharedprocess] [info] Scanned user extensions: 0
[2019-04-10 20:04:54.937] [sharedprocess] [info] Scanned user extensions: 0
[2019-04-10 20:09:54.945] [sharedprocess] [info] Scanned user extensions: 0
[2019-04-10 20:14:54.953] [sharedprocess] [info] Scanned user extensions: 0
[2019-04-10 20:19:54.960] [sharedprocess] [info] Scanned user extensions: 0
[2019-04-10 20:24:54.968] [sharedprocess] [info] Scanned user extensions: 0
[2019-04-10 20:29:54.975] [sharedprocess] [info] Scanned user extensions: 0
[2019-04-10 20:34:54.982] [sharedprocess] [info] Scanned user extensions: 0
[2019-04-10 20:39:55.036] [sharedprocess] [info] Scanned user extensions: 0
[2019-04-10 20:44:55.043] [sharedprocess] [info] Scanned user extensions: 0
[2019-04-10 20:49:55.050] [sharedprocess] [info] Scanned user extensions: 0
[2019-04-10 20:54:55.057] [sharedprocess] [info] Scanned user extensions: 0
[2019-04-10 20:59:55.065] [sharedprocess] [info] Scanned user extensions: 0
[2019-04-10 21:04:55.074] [sharedprocess] [info] Scanned user extensions: 0
[2019-04-10 21:09:55.139] [sharedprocess] [info] Scanned user extensions: 0
[2019-04-10 21:14:55.153] [sharedprocess] [info] Scanned user extensions: 0
[2019-04-10 21:19:55.160] [sharedprocess] [info] Scanned user extensions: 0
[2019-04-10 21:24:55.170] [sharedprocess] [info] Scanned user extensions: 0
[2019-04-10 21:29:55.178] [sharedprocess] [info] Scanned user extensions: 0
[2019-04-10 21:34:55.186] [sharedprocess] [info] Scanned user extensions: 0
[2019-04-10 21:39:55.244] [sharedprocess] [info] Scanned user extensions: 0
[2019-04-10 21:44:55.251] [sharedprocess] [info] Scanned user extensions: 0
[2019-04-10 21:49:55.258] [sharedprocess] [info] Scanned user extensions: 0
[2019-04-10 21:54:55.271] [sharedprocess] [info] Scanned user extensions: 0
[2019-04-10 21:59:55.278] [sharedprocess] [info] Scanned user extensions: 0
[2019-04-10 22:04:55.285] [sharedprocess] [info] Scanned user extensions: 0
[2019-04-10 22:09:55.292] [sharedprocess] [info] Scanned user extensions: 0
[2019-04-10 22:14:55.300] [sharedprocess] [info] Scanned user extensions: 0
[2019-04-10 22:19:55.307] [sharedprocess] [info] Scanned user extensions: 0
[2019-04-10 22:24:55.316] [sharedprocess] [info] Scanned user extensions: 0
[2019-04-10 22:29:55.323] [sharedprocess] [info] Scanned user extensions: 0
[2019-04-10 22:34:55.331] [sharedprocess] [info] Scanned user extensions: 0
[2019-04-10 22:39:55.381] [sharedprocess] [info] Scanned user extensions: 0
[2019-04-10 22:44:55.389] [sharedprocess] [info] Scanned user extensions: 0
[2019-04-10 22:49:55.396] [sharedprocess] [info] Scanned user extensions: 0
[2019-04-10 22:54:55.404] [sharedprocess] [info] Scanned user extensions: 0
[2019-04-10 22:59:55.410] [sharedprocess] [info] Scanned user extensions: 0
[2019-04-10 23:04:55.417] [sharedprocess] [info] Scanned user extensions: 0
[2019-04-10 23:09:55.423] [sharedprocess] [info] Scanned user extensions: 0
[2019-04-10 23:14:55.433] [sharedprocess] [info] Scanned user extensions: 0
[2019-04-10 23:19:55.439] [sharedprocess] [info] Scanned user extensions: 0
[2019-04-10 23:24:55.449] [sharedprocess] [info] Scanned user extensions: 0
[2019-04-10 23:29:55.456] [sharedprocess] [info] Scanned user extensions: 0
[2019-04-10 23:34:55.463] [sharedprocess] [info] Scanned user extensions: 0
[2019-04-10 23:39:55.509] [sharedprocess] [info] Scanned user extensions: 0
[2019-04-10 23:44:55.522] [sharedprocess] [info] Scanned user extensions: 0
[2019-04-10 23:49:55.531] [sharedprocess] [info] Scanned user extensions: 0
[2019-04-10 23:54:55.538] [sharedprocess] [info] Scanned user extensions: 0
[2019-04-10 23:59:55.546] [sharedprocess] [info] Scanned user extensions: 0
[2019-04-11 00:04:55.553] [sharedprocess] [info] Scanned user extensions: 0
[2019-04-11 00:09:55.561] [sharedprocess] [info] Scanned user extensions: 0
[2019-04-11 00:14:55.567] [sharedprocess] [info] Scanned user extensions: 0
[2019-04-11 00:19:55.574] [sharedprocess] [info] Scanned user extensions: 0
[2019-04-11 00:24:55.581] [sharedprocess] [info] Scanned user extensions: 0
[2019-04-11 00:29:55.588] [sharedprocess] [info] Scanned user extensions: 0
[2019-04-11 00:34:55.595] [sharedprocess] [info] Scanned user extensions: 0
[2019-04-11 00:39:55.659] [sharedprocess] [info] Scanned user extensions: 0
[2019-04-11 00:44:55.665] [sharedprocess] [info] Scanned user extensions: 0
[2019-04-11 00:49:55.671] [sharedprocess] [info] Scanned user extensions: 0
[2019-04-11 00:54:55.680] [sharedprocess] [info] Scanned user extensions: 0
[2019-04-11 00:59:55.688] [sharedprocess] [info] Scanned user extensions: 0
[2019-04-11 01:04:55.695] [sharedprocess] [info] Scanned user extensions: 0
[2019-04-11 01:09:55.701] [sharedprocess] [info] Scanned user extensions: 0
[2019-04-11 01:14:55.708] [sharedprocess] [info] Scanned user extensions: 0
[2019-04-11 01:19:55.715] [sharedprocess] [info] Scanned user extensions: 0
[2019-04-11 01:24:55.722] [sharedprocess] [info] Scanned user extensions: 0
[2019-04-11 01:29:55.729] [sharedprocess] [info] Scanned user extensions: 0
[2019-04-11 01:34:55.738] [sharedprocess] [info] Scanned user extensions: 0
[2019-04-11 01:39:55.794] [sharedprocess] [info] Scanned user extensions: 0
[2019-04-11 01:44:55.801] [sharedprocess] [info] Scanned user extensions: 0
[2019-04-11 01:49:55.808] [sharedprocess] [info] Scanned user extensions: 0
[2019-04-11 01:54:55.816] [sharedprocess] [info] Scanned user extensions: 0
[2019-04-11 01:59:55.823] [sharedprocess] [info] Scanned user extensions: 0
[2019-04-11 02:04:55.830] [sharedprocess] [info] Scanned user extensions: 0
[2019-04-11 02:09:55.837] [sharedprocess] [info] Scanned user extensions: 0
[2019-04-11 02:14:55.846] [sharedprocess] [info] Scanned user extensions: 0
[2019-04-11 02:19:55.853] [sharedprocess] [info] Scanned user extensions: 0
[2019-04-11 02:24:55.860] [sharedprocess] [info] Scanned user extensions: 0
[2019-04-11 02:29:55.867] [sharedprocess] [info] Scanned user extensions: 0
[2019-04-11 02:34:55.874] [sharedprocess] [info] Scanned user extensions: 0
[2019-04-11 02:39:55.920] [sharedprocess] [info] Scanned user extensions: 0
[2019-04-11 02:44:55.927] [sharedprocess] [info] Scanned user extensions: 0
[2019-04-11 02:49:55.934] [sharedprocess] [info] Scanned user extensions: 0
[2019-04-11 02:54:55.942] [sharedprocess] [info] Scanned user extensions: 0
[2019-04-11 02:59:55.950] [sharedprocess] [info] Scanned user extensions: 0
[2019-04-11 03:04:55.957] [sharedprocess] [info] Scanned user extensions: 0
[2019-04-11 03:09:55.965] [sharedprocess] [info] Scanned user extensions: 0
[2019-04-11 03:14:55.971] [sharedprocess] [info] Scanned user extensions: 0
[2019-04-11 03:19:55.977] [sharedprocess] [info] Scanned user extensions: 0
[2019-04-11 03:24:55.994] [sharedprocess] [info] Scanned user extensions: 0
[2019-04-11 03:29:56.001] [sharedprocess] [info] Scanned user extensions: 0
[2019-04-11 03:34:56.008] [sharedprocess] [info] Scanned user extensions: 0
[2019-04-11 03:39:56.067] [sharedprocess] [info] Scanned user extensions: 0
[2019-04-11 03:44:56.076] [sharedprocess] [info] Scanned user extensions: 0
[2019-04-11 03:49:56.084] [sharedprocess] [info] Scanned user extensions: 0
[2019-04-11 03:54:56.091] [sharedprocess] [info] Scanned user extensions: 0
[2019-04-11 03:59:56.102] [sharedprocess] [info] Scanned user extensions: 0
[2019-04-11 04:04:56.113] [sharedprocess] [info] Scanned user extensions: 0
[2019-04-11 04:09:56.120] [sharedprocess] [info] Scanned user extensions: 0
[2019-04-11 04:14:56.128] [sharedprocess] [info] Scanned user extensions: 0
[2019-04-11 04:19:56.134] [sharedprocess] [info] Scanned user extensions: 0
[2019-04-11 04:24:56.142] [sharedprocess] [info] Scanned user extensions: 0
[2019-04-11 04:29:56.149] [sharedprocess] [info] Scanned user extensions: 0
[2019-04-11 04:34:56.156] [sharedprocess] [info] Scanned user extensions: 0
[2019-04-11 04:39:56.200] [sharedprocess] [info] Scanned user extensions: 0
[2019-04-11 04:44:56.229] [sharedprocess] [info] Scanned user extensions: 0
[2019-04-11 04:49:56.241] [sharedprocess] [info] Scanned user extensions: 0
[2019-04-11 04:54:56.262] [sharedprocess] [info] Scanned user extensions: 0
[2019-04-11 04:59:56.271] [sharedprocess] [info] Scanned user extensions: 0
[2019-04-11 05:04:56.281] [sharedprocess] [info] Scanned user extensions: 0
[2019-04-11 05:09:56.288] [sharedprocess] [info] Scanned user extensions: 0
[2019-04-11 05:14:56.294] [sharedprocess] [info] Scanned user extensions: 0
[2019-04-11 05:19:56.302] [sharedprocess] [info] Scanned user extensions: 0
[2019-04-11 05:24:56.310] [sharedprocess] [info] Scanned user extensions: 0
[2019-04-11 05:29:56.316] [sharedprocess] [info] Scanned user extensions: 0
[2019-04-11 05:34:56.323] [sharedprocess] [info] Scanned user extensions: 0
[2019-04-11 05:39:56.381] [sharedprocess] [info] Scanned user extensions: 0
[2019-04-11 05:44:56.387] [sharedprocess] [info] Scanned user extensions: 0
[2019-04-11 05:49:56.394] [sharedprocess] [info] Scanned user extensions: 0
[2019-04-11 05:54:56.402] [sharedprocess] [info] Scanned user extensions: 0
[2019-04-11 05:59:56.409] [sharedprocess] [info] Scanned user extensions: 0
[2019-04-11 06:04:56.416] [sharedprocess] [info] Scanned user extensions: 0
[2019-04-11 06:09:56.429] [sharedprocess] [info] Scanned user extensions: 0
[2019-04-11 06:14:56.436] [sharedprocess] [info] Scanned user extensions: 0
[2019-04-11 06:19:56.443] [sharedprocess] [info] Scanned user extensions: 0
[2019-04-11 06:24:56.453] [sharedprocess] [info] Scanned user extensions: 0
[2019-04-11 06:29:56.460] [sharedprocess] [info] Scanned user extensions: 0
[2019-04-11 06:34:56.467] [sharedprocess] [info] Scanned user extensions: 0
[2019-04-11 06:39:56.525] [sharedprocess] [info] Scanned user extensions: 0
[2019-04-11 06:44:56.532] [sharedprocess] [info] Scanned user extensions: 0
[2019-04-11 06:49:56.539] [sharedprocess] [info] Scanned user extensions: 0
[2019-04-11 06:54:56.546] [sharedprocess] [info] Scanned user extensions: 0
[2019-04-11 06:59:56.553] [sharedprocess] [info] Scanned user extensions: 0
[2019-04-11 07:04:56.559] [sharedprocess] [info] Scanned user extensions: 0
[2019-04-11 07:09:56.566] [sharedprocess] [info] Scanned user extensions: 0
[2019-04-11 07:14:56.575] [sharedprocess] [info] Scanned user extensions: 0
[2019-04-11 07:19:56.583] [sharedprocess] [info] Scanned user extensions: 0
[2019-04-11 07:24:56.589] [sharedprocess] [info] Scanned user extensions: 0
[2019-04-11 07:29:56.598] [sharedprocess] [info] Scanned user extensions: 0
[2019-04-11 07:34:56.606] [sharedprocess] [info] Scanned user extensions: 0
[2019-04-11 07:39:56.669] [sharedprocess] [info] Scanned user extensions: 0
[2019-04-11 07:44:56.676] [sharedprocess] [info] Scanned user extensions: 0
[2019-04-11 07:49:56.684] [sharedprocess] [info] Scanned user extensions: 0
[2019-04-11 07:54:56.707] [sharedprocess] [info] Scanned user extensions: 0
[2019-04-11 07:59:56.715] [sharedprocess] [info] Scanned user extensions: 0
[2019-04-11 08:04:56.722] [sharedprocess] [info] Scanned user extensions: 0
[2019-04-11 08:09:56.730] [sharedprocess] [info] Scanned user extensions: 0
[2019-04-11 08:14:56.737] [sharedprocess] [info] Scanned user extensions: 0
[2019-04-11 08:19:56.743] [sharedprocess] [info] Scanned user extensions: 0
[2019-04-11 08:24:56.750] [sharedprocess] [info] Scanned user extensions: 0
[2019-04-11 08:29:56.757] [sharedprocess] [info] Scanned user extensions: 0
[2019-04-11 08:34:56.764] [sharedprocess] [info] Scanned user extensions: 0
[2019-04-11 08:39:56.809] [sharedprocess] [info] Scanned user extensions: 0
[2019-04-11 08:44:56.816] [sharedprocess] [info] Scanned user extensions: 0
[2019-04-11 08:49:56.823] [sharedprocess] [info] Scanned user extensions: 0
[2019-04-11 08:54:56.830] [sharedprocess] [info] Scanned user extensions: 0
[2019-04-11 08:59:56.838] [sharedprocess] [info] Scanned user extensions: 0
[2019-04-11 09:04:56.845] [sharedprocess] [info] Scanned user extensions: 0
[2019-04-11 09:09:56.854] [sharedprocess] [info] Scanned user extensions: 0
[2019-04-11 09:14:56.862] [sharedprocess] [info] Scanned user extensions: 0
[2019-04-11 09:19:56.868] [sharedprocess] [info] Scanned user extensions: 0
[2019-04-11 09:24:56.875] [sharedprocess] [info] Scanned user extensions: 0
[2019-04-11 09:29:56.881] [sharedprocess] [info] Scanned user extensions: 0
[2019-04-11 09:34:56.889] [sharedprocess] [info] Scanned user extensions: 0
[2019-04-11 09:39:56.948] [sharedprocess] [info] Scanned user extensions: 0
[2019-04-11 09:44:56.954] [sharedprocess] [info] Scanned user extensions: 0
[2019-04-11 09:49:56.961] [sharedprocess] [info] Scanned user extensions: 0
[2019-04-11 09:54:56.968] [sharedprocess] [info] Scanned user extensions: 0
[2019-04-11 09:59:56.975] [sharedprocess] [info] Scanned user extensions: 0
[2019-04-11 10:04:56.981] [sharedprocess] [info] Scanned user extensions: 0
[2019-04-11 10:09:56.989] [sharedprocess] [info] Scanned user extensions: 0
[2019-04-11 10:14:56.996] [sharedprocess] [info] Scanned user extensions: 0
[2019-04-11 10:19:57.003] [sharedprocess] [info] Scanned user extensions: 0
[2019-04-11 10:24:57.011] [sharedprocess] [info] Scanned user extensions: 0
[2019-04-11 10:29:57.017] [sharedprocess] [info] Scanned user extensions: 0
[2019-04-11 10:34:57.024] [sharedprocess] [info] Scanned user extensions: 0
[2019-04-11 10:39:57.071] [sharedprocess] [info] Scanned user extensions: 0
[2019-04-11 10:44:57.078] [sharedprocess] [info] Scanned user extensions: 0
[2019-04-11 10:49:57.086] [sharedprocess] [info] Scanned user extensions: 0
[2019-04-11 10:54:57.094] [sharedprocess] [info] Scanned user extensions: 0
[2019-04-11 10:59:57.104] [sharedprocess] [info] Scanned user extensions: 0
[2019-04-11 11:04:57.115] [sharedprocess] [info] Scanned user extensions: 0
[2019-04-11 11:09:57.123] [sharedprocess] [info] Scanned user extensions: 0
[2019-04-11 11:14:57.130] [sharedprocess] [info] Scanned user extensions: 0
[2019-04-11 11:19:57.137] [sharedprocess] [info] Scanned user extensions: 0
[2019-04-11 11:24:57.145] [sharedprocess] [info] Scanned user extensions: 0
[2019-04-11 11:29:57.152] [sharedprocess] [info] Scanned user extensions: 0
[2019-04-11 11:34:57.159] [sharedprocess] [info] Scanned user extensions: 0
[2019-04-11 11:39:57.225] [sharedprocess] [info] Scanned user extensions: 0
[2019-04-11 11:44:57.233] [sharedprocess] [info] Scanned user extensions: 0
[2019-04-11 11:49:57.240] [sharedprocess] [info] Scanned user extensions: 0
[2019-04-11 11:54:57.249] [sharedprocess] [info] Scanned user extensions: 0
[2019-04-11 11:59:57.255] [sharedprocess] [info] Scanned user extensions: 0
[2019-04-11 12:04:57.262] [sharedprocess] [info] Scanned user extensions: 0
[2019-04-11 12:09:57.269] [sharedprocess] [info] Scanned user extensions: 0
[2019-04-11 12:14:57.276] [sharedprocess] [info] Scanned user extensions: 0
[2019-04-11 12:19:57.287] [sharedprocess] [info] Scanned user extensions: 0
[2019-04-11 12:24:57.295] [sharedprocess] [info] Scanned user extensions: 0
[2019-04-11 12:29:57.307] [sharedprocess] [info] Scanned user extensions: 0
[2019-04-11 12:34:57.318] [sharedprocess] [info] Scanned user extensions: 0
[2019-04-11 12:39:57.370] [sharedprocess] [info] Scanned user extensions: 0
[2019-04-11 12:44:57.381] [sharedprocess] [info] Scanned user extensions: 0
[2019-04-11 12:49:57.388] [sharedprocess] [info] Scanned user extensions: 0
[2019-04-11 12:54:57.397] [sharedprocess] [info] Scanned user extensions: 0
[2019-04-11 12:59:57.404] [sharedprocess] [info] Scanned user extensions: 0
[2019-04-11 13:04:57.411] [sharedprocess] [info] Scanned user extensions: 0
[2019-04-11 13:09:57.418] [sharedprocess] [info] Scanned user extensions: 0
[2019-04-11 13:14:57.426] [sharedprocess] [info] Scanned user extensions: 0
[2019-04-11 13:19:57.432] [sharedprocess] [info] Scanned user extensions: 0
[2019-04-11 13:24:57.440] [sharedprocess] [info] Scanned user extensions: 0
[2019-04-11 13:29:57.447] [sharedprocess] [info] Scanned user extensions: 0
[2019-04-11 13:34:57.455] [sharedprocess] [info] Scanned user extensions: 0
[2019-04-11 13:39:57.513] [sharedprocess] [info] Scanned user extensions: 0
[2019-04-11 13:44:57.521] [sharedprocess] [info] Scanned user extensions: 0
[2019-04-11 13:49:57.527] [sharedprocess] [info] Scanned user extensions: 0
[2019-04-11 13:54:57.535] [sharedprocess] [info] Scanned user extensions: 0
[2019-04-11 13:59:57.542] [sharedprocess] [info] Scanned user extensions: 0
[2019-04-11 14:04:57.549] [sharedprocess] [info] Scanned user extensions: 0
[2019-04-11 14:09:57.558] [sharedprocess] [info] Scanned user extensions: 0
[2019-04-11 14:14:57.565] [sharedprocess] [info] Scanned user extensions: 0
[2019-04-11 14:19:57.572] [sharedprocess] [info] Scanned user extensions: 0
[2019-04-11 14:24:57.580] [sharedprocess] [info] Scanned user extensions: 0
[2019-04-11 14:29:57.641] [sharedprocess] [info] Scanned user extensions: 0
[2019-04-11 14:34:57.649] [sharedprocess] [info] Scanned user extensions: 0
[2019-04-11 14:39:57.703] [sharedprocess] [info] Scanned user extensions: 0
[2019-04-11 14:44:57.710] [sharedprocess] [info] Scanned user extensions: 0
[2019-04-11 14:49:57.717] [sharedprocess] [info] Scanned user extensions: 0
[2019-04-11 14:54:57.724] [sharedprocess] [info] Scanned user extensions: 0
[2019-04-11 14:59:57.731] [sharedprocess] [info] Scanned user extensions: 0
[2019-04-11 15:04:57.739] [sharedprocess] [info] Scanned user extensions: 0
[2019-04-11 15:09:57.748] [sharedprocess] [info] Scanned user extensions: 0
[2019-04-11 15:14:57.755] [sharedprocess] [info] Scanned user extensions: 0
[2019-04-11 15:19:57.762] [sharedprocess] [info] Scanned user extensions: 0
[2019-04-11 15:24:57.770] [sharedprocess] [info] Scanned user extensions: 0
[2019-04-11 15:29:57.777] [sharedprocess] [info] Scanned user extensions: 0
[2019-04-11 15:34:57.785] [sharedprocess] [info] Scanned user extensions: 0
[2019-04-11 15:39:57.835] [sharedprocess] [info] Scanned user extensions: 0
[2019-04-11 15:44:57.842] [sharedprocess] [info] Scanned user extensions: 0
[2019-04-11 15:49:57.850] [sharedprocess] [info] Scanned user extensions: 0
[2019-04-11 15:54:57.857] [sharedprocess] [info] Scanned user extensions: 0
[2019-04-11 15:59:57.864] [sharedprocess] [info] Scanned user extensions: 0
[2019-04-11 16:04:57.872] [sharedprocess] [info] Scanned user extensions: 0
[2019-04-11 16:09:57.879] [sharedprocess] [info] Scanned user extensions: 0
[2019-04-11 16:14:57.886] [sharedprocess] [info] Scanned user extensions: 0
[2019-04-11 16:19:57.894] [sharedprocess] [info] Scanned user extensions: 0
[2019-04-11 16:24:57.902] [sharedprocess] [info] Scanned user extensions: 0
[2019-04-11 16:29:57.908] [sharedprocess] [info] Scanned user extensions: 0
[2019-04-11 16:34:57.916] [sharedprocess] [info] Scanned user extensions: 0
[2019-04-11 16:39:57.963] [sharedprocess] [info] Scanned user extensions: 0
[2019-04-11 16:44:57.971] [sharedprocess] [info] Scanned user extensions: 0
[2019-04-11 16:49:57.978] [sharedprocess] [info] Scanned user extensions: 0
[2019-04-11 16:54:57.986] [sharedprocess] [info] Scanned user extensions: 0
[2019-04-11 16:59:57.996] [sharedprocess] [info] Scanned user extensions: 0
[2019-04-11 17:04:58.002] [sharedprocess] [info] Scanned user extensions: 0
[2019-04-11 17:09:58.009] [sharedprocess] [info] Scanned user extensions: 0
[2019-04-11 17:14:58.016] [sharedprocess] [info] Scanned user extensions: 0
[2019-04-11 17:19:58.023] [sharedprocess] [info] Scanned user extensions: 0
[2019-04-11 17:24:58.029] [sharedprocess] [info] Scanned user extensions: 0
[2019-04-11 17:29:58.036] [sharedprocess] [info] Scanned user extensions: 0
[2019-04-11 17:34:58.044] [sharedprocess] [info] Scanned user extensions: 0
[2019-04-11 17:39:58.103] [sharedprocess] [info] Scanned user extensions: 0
[2019-04-11 17:44:58.112] [sharedprocess] [info] Scanned user extensions: 0
[2019-04-11 17:49:58.121] [sharedprocess] [info] Scanned user extensions: 0
[2019-04-11 17:54:58.128] [sharedprocess] [info] Scanned user extensions: 0
[2019-04-11 17:59:58.136] [sharedprocess] [info] Scanned user extensions: 0
[2019-04-11 18:04:58.143] [sharedprocess] [info] Scanned user extensions: 0
[2019-04-11 18:09:58.149] [sharedprocess] [info] Scanned user extensions: 0
[2019-04-11 18:14:58.157] [sharedprocess] [info] Scanned user extensions: 0
[2019-04-11 18:19:58.164] [sharedprocess] [info] Scanned user extensions: 0
[2019-04-11 18:24:58.171] [sharedprocess] [info] Scanned user extensions: 0
[2019-04-11 18:29:58.179] [sharedprocess] [info] Scanned user extensions: 0
[2019-04-11 18:34:58.187] [sharedprocess] [info] Scanned user extensions: 0
[2019-04-11 18:39:58.240] [sharedprocess] [info] Scanned user extensions: 0
[2019-04-11 18:44:58.247] [sharedprocess] [info] Scanned user extensions: 0
[2019-04-11 18:49:58.253] [sharedprocess] [info] Scanned user extensions: 0
[2019-04-11 18:54:58.261] [sharedprocess] [info] Scanned user extensions: 0
[2019-04-11 18:59:58.268] [sharedprocess] [info] Scanned user extensions: 0
[2019-04-11 19:04:58.274] [sharedprocess] [info] Scanned user extensions: 0
[2019-04-11 19:09:58.281] [sharedprocess] [info] Scanned user extensions: 0
[2019-04-11 19:14:58.288] [sharedprocess] [info] Scanned user extensions: 0
[2019-04-11 19:19:58.296] [sharedprocess] [info] Scanned user extensions: 0
[2019-04-11 19:24:58.303] [sharedprocess] [info] Scanned user extensions: 0
[2019-04-11 19:29:58.310] [sharedprocess] [info] Scanned user extensions: 0
[2019-04-11 19:34:58.317] [sharedprocess] [info] Scanned user extensions: 0
[2019-04-11 19:39:58.370] [sharedprocess] [info] Scanned user extensions: 0
[2019-04-11 19:44:58.379] [sharedprocess] [info] Scanned user extensions: 0
[2019-04-11 19:49:58.386] [sharedprocess] [info] Scanned user extensions: 0
[2019-04-11 19:54:58.393] [sharedprocess] [info] Scanned user extensions: 0
[2019-04-11 19:59:58.401] [sharedprocess] [info] Scanned user extensions: 0
[2019-04-11 20:04:58.408] [sharedprocess] [info] Scanned user extensions: 0
[2019-04-11 20:09:58.416] [sharedprocess] [info] Scanned user extensions: 0
[2019-04-11 20:14:58.424] [sharedprocess] [info] Scanned user extensions: 0
[2019-04-11 20:19:58.431] [sharedprocess] [info] Scanned user extensions: 0
[2019-04-11 20:24:58.438] [sharedprocess] [info] Scanned user extensions: 0
[2019-04-11 20:29:58.445] [sharedprocess] [info] Scanned user extensions: 0
[2019-04-11 20:34:58.451] [sharedprocess] [info] Scanned user extensions: 0
[2019-04-11 20:39:58.514] [sharedprocess] [info] Scanned user extensions: 0
[2019-04-11 20:44:58.521] [sharedprocess] [info] Scanned user extensions: 0
[2019-04-11 20:49:58.527] [sharedprocess] [info] Scanned user extensions: 0
[2019-04-11 20:54:58.534] [sharedprocess] [info] Scanned user extensions: 0
[2019-04-11 20:59:58.540] [sharedprocess] [info] Scanned user extensions: 0
[2019-04-11 21:04:58.547] [sharedprocess] [info] Scanned user extensions: 0
[2019-04-11 21:09:58.553] [sharedprocess] [info] Scanned user extensions: 0
[2019-04-11 21:14:58.560] [sharedprocess] [info] Scanned user extensions: 0
[2019-04-11 21:19:58.567] [sharedprocess] [info] Scanned user extensions: 0
[2019-04-11 21:24:58.576] [sharedprocess] [info] Scanned user extensions: 0
[2019-04-11 21:29:58.584] [sharedprocess] [info] Scanned user extensions: 0
[2019-04-11 21:34:58.590] [sharedprocess] [info] Scanned user extensions: 0
[2019-04-11 21:39:58.647] [sharedprocess] [info] Scanned user extensions: 0
[2019-04-11 21:44:58.654] [sharedprocess] [info] Scanned user extensions: 0
[2019-04-11 21:49:58.661] [sharedprocess] [info] Scanned user extensions: 0
[2019-04-11 21:54:58.669] [sharedprocess] [info] Scanned user extensions: 0
[2019-04-11 21:59:58.676] [sharedprocess] [info] Scanned user extensions: 0
[2019-04-11 22:04:58.683] [sharedprocess] [info] Scanned user extensions: 0
[2019-04-11 22:09:58.690] [sharedprocess] [info] Scanned user extensions: 0
[2019-04-11 22:14:58.698] [sharedprocess] [info] Scanned user extensions: 0
[2019-04-11 22:19:58.704] [sharedprocess] [info] Scanned user extensions: 0
[2019-04-11 22:24:58.712] [sharedprocess] [info] Scanned user extensions: 0
[2019-04-11 22:29:58.719] [sharedprocess] [info] Scanned user extensions: 0
